[INFO]    [ALGORITHM]: At the dock, searching new spot to clean before deciding to charge
[INFO]    [ALGORITHM]: There is still nodes to handle, start charging (to full battery)
[INFO]    [ALGORITHM]: At (-1,0) searching for new spot to clean
[INFO]    [ALGORITHM]: At (-2,0) searching for new spot to clean
[INFO]    [ALGORITHM]: At (-2,-1) searching for new spot to clean
[INFO]    [ALGORITHM]: At (-2,-2) searching for new spot to clean
[INFO]    [ALGORITHM]: At (-2,-3) searching for new spot to clean
[INFO]    [ALGORITHM]: At (-2,-4) searching for new spot to clean
[INFO]    [ALGORITHM]: At (-2,-5) searching for new spot to clean
[INFO]    [ALGORITHM]: At (-2,-6) searching for new spot to clean
[INFO]    [ALGORITHM]: At (-2,-7) searching for new spot to clean
[INFO]    [ALGORITHM]: At (-1,-6) searching for new spot to clean
[INFO]    [ALGORITHM]: At (0,-6) searching for new spot to clean
[INFO]    [ALGORITHM]: At (0,-7) searching for new spot to clean
[INFO]    [ALGORITHM]: At (0,-8) searching for new spot to clean
[INFO]    [ALGORITHM]: At (-1,-8) searching for new spot to clean
[INFO]    [ALGORITHM]: At (-1,-9) searching for new spot to clean
[INFO]    [ALGORITHM]: At (-2,-9) searching for new spot to clean
[INFO]    [ALGORITHM]: At (0,-9) searching for new spot to clean
[INFO]    [ALGORITHM]: At (1,-9) searching for new spot to clean
[INFO]    [ALGORITHM]: Check if we can clean spot: (2,-9) with respect to the conditions of the program
[INFO]    [ALGORITHM]: Decided to clean 2,-9
[INFO]    [ALGORITHM]: Check if we can clean spot: (2,-9) with respect to the conditions of the program
[INFO]    [ALGORITHM]: Decided to clean 2,-9
[INFO]    [ALGORITHM]: Check if we can clean spot: (2,-9) with respect to the conditions of the program
[INFO]    [ALGORITHM]: Decided to clean 2,-9
[INFO]    [ALGORITHM]: Check if we can clean spot: (2,-9) with respect to the conditions of the program
[INFO]    [ALGORITHM]: Decided to clean 2,-9
[INFO]    [ALGORITHM]: Check if we can clean spot: (2,-9) with respect to the conditions of the program
[INFO]    [ALGORITHM]: Decided to clean 2,-9
[INFO]    [ALGORITHM]: Check if we can clean spot: (2,-9) with respect to the conditions of the program
[INFO]    [ALGORITHM]: Decided to clean 2,-9
[INFO]    [ALGORITHM]: Check if we can clean spot: (2,-9) with respect to the conditions of the program
[INFO]    [ALGORITHM]: Decided to clean 2,-9
[INFO]    [ALGORITHM]: Check if we can clean spot: (2,-9) with respect to the conditions of the program
[INFO]    [ALGORITHM]: Decided to clean 2,-9
[INFO]    [ALGORITHM]: At (2,-9) searching for new spot to clean
[INFO]    [ALGORITHM]: At (3,-9) searching for new spot to clean
[INFO]    [ALGORITHM]: At (4,-9) searching for new spot to clean
[INFO]    [ALGORITHM]: At (5,-9) searching for new spot to clean
[INFO]    [ALGORITHM]: At (6,-9) searching for new spot to clean
[INFO]    [ALGORITHM]: At (7,-9) searching for new spot to clean
[INFO]    [ALGORITHM]: At (8,-9) searching for new spot to clean
[INFO]    [ALGORITHM]: At (8,-8) searching for new spot to clean
[INFO]    [ALGORITHM]: At (7,-8) searching for new spot to clean
[INFO]    [ALGORITHM]: At (7,-7) searching for new spot to clean
[INFO]    [ALGORITHM]: Check if we can clean spot: (6,-7) with respect to the conditions of the program
[INFO]    [ALGORITHM]: Decided to clean 6,-7
[INFO]    [ALGORITHM]: Check if we can clean spot: (6,-7) with respect to the conditions of the program
[INFO]    [ALGORITHM]: Decided to clean 6,-7
[INFO]    [ALGORITHM]: At (6,-7) searching for new spot to clean
[INFO]    [ALGORITHM]: At (5,-7) searching for new spot to clean
[INFO]    [ALGORITHM]: At (4,-7) searching for new spot to clean
[INFO]    [ALGORITHM]: At (3,-7) searching for new spot to clean
[INFO]    [ALGORITHM]: At (2,-7) searching for new spot to clean
[INFO]    [ALGORITHM]: At (1,-7) searching for new spot to clean
[INFO]    [ALGORITHM]: Check if we can clean spot: (1,-6) with respect to the conditions of the program
[INFO]    [ALGORITHM]: Decided to clean 1,-6
[INFO]    [ALGORITHM]: Check if we can clean spot: (1,-6) with respect to the conditions of the program
[INFO]    [ALGORITHM]: Decided to clean 1,-6
[INFO]    [ALGORITHM]: Check if we can clean spot: (1,-6) with respect to the conditions of the program
[INFO]    [ALGORITHM]: Decided to clean 1,-6
[INFO]    [ALGORITHM]: Check if we can clean spot: (1,-6) with respect to the conditions of the program
[INFO]    [ALGORITHM]: Decided to clean 1,-6
[INFO]    [ALGORITHM]: Check if we can clean spot: (1,-6) with respect to the conditions of the program
[INFO]    [ALGORITHM]: Decided to clean 1,-6
[INFO]    [ALGORITHM]: Check if we can clean spot: (1,-6) with respect to the conditions of the program
[INFO]    [ALGORITHM]: Decided to clean 1,-6
[INFO]    [ALGORITHM]: At (1,-6) searching for new spot to clean
[INFO]    [ALGORITHM]: At (2,-6) searching for new spot to clean
[INFO]    [ALGORITHM]: Returning to dock from: (2,-6)
[INFO]    [ALGORITHM]: At the dock, searching new spot to clean before deciding to charge
[INFO]    [ALGORITHM]: There is still nodes to handle, start charging (to full battery)
[INFO]    [ALGORITHM]: At (0,-1) searching for new spot to clean
[INFO]    [ALGORITHM]: At (-1,-1) searching for new spot to clean
[INFO]    [ALGORITHM]: At (-1,-2) searching for new spot to clean
[INFO]    [ALGORITHM]: At (-1,-3) searching for new spot to clean
[INFO]    [ALGORITHM]: At (-1,-4) searching for new spot to clean
[INFO]    [ALGORITHM]: At (-1,-5) searching for new spot to clean
[INFO]    [ALGORITHM]: At (0,-5) searching for new spot to clean
[INFO]    [ALGORITHM]: At (1,-5) searching for new spot to clean
[INFO]    [ALGORITHM]: At (2,-5) searching for new spot to clean
[INFO]    [ALGORITHM]: At (3,-5) searching for new spot to clean
[INFO]    [ALGORITHM]: At (3,-6) searching for new spot to clean
[INFO]    [ALGORITHM]: At (4,-6) searching for new spot to clean
[INFO]    [ALGORITHM]: At (5,-6) searching for new spot to clean
[INFO]    [ALGORITHM]: At (6,-6) searching for new spot to clean
[INFO]    [ALGORITHM]: Check if we can clean spot: (7,-6) with respect to the conditions of the program
[INFO]    [ALGORITHM]: Decided to clean 7,-6
[INFO]    [ALGORITHM]: Check if we can clean spot: (7,-6) with respect to the conditions of the program
[INFO]    [ALGORITHM]: Decided to clean 7,-6
[INFO]    [ALGORITHM]: Check if we can clean spot: (7,-6) with respect to the conditions of the program
[INFO]    [ALGORITHM]: Decided to clean 7,-6
[INFO]    [ALGORITHM]: Check if we can clean spot: (7,-6) with respect to the conditions of the program
[INFO]    [ALGORITHM]: Decided to clean 7,-6
[INFO]    [ALGORITHM]: At (7,-6) searching for new spot to clean
[INFO]    [ALGORITHM]: At (7,-5) searching for new spot to clean
[INFO]    [ALGORITHM]: At (8,-5) searching for new spot to clean
[INFO]    [ALGORITHM]: At (8,-4) searching for new spot to clean
[INFO]    [ALGORITHM]: At (8,-3) searching for new spot to clean
[INFO]    [ALGORITHM]: At (7,-3) searching for new spot to clean
[INFO]    [ALGORITHM]: At (6,-3) searching for new spot to clean
[INFO]    [ALGORITHM]: Check if we can clean spot: (5,-3) with respect to the conditions of the program
[INFO]    [ALGORITHM]: Decided to clean 5,-3
[INFO]    [ALGORITHM]: Check if we can clean spot: (5,-3) with respect to the conditions of the program
[INFO]    [ALGORITHM]: Decided to clean 5,-3
[INFO]    [ALGORITHM]: Check if we can clean spot: (5,-3) with respect to the conditions of the program
[INFO]    [ALGORITHM]: Decided to clean 5,-3
[INFO]    [ALGORITHM]: At (5,-3) searching for new spot to clean
[INFO]    [ALGORITHM]: At (4,-3) searching for new spot to clean
[INFO]    [ALGORITHM]: At (3,-3) searching for new spot to clean
[INFO]    [ALGORITHM]: At (2,-3) searching for new spot to clean
[INFO]    [ALGORITHM]: At (1,-3) searching for new spot to clean
[INFO]    [ALGORITHM]: At (0,-3) searching for new spot to clean
[INFO]    [ALGORITHM]: At (0,-4) searching for new spot to clean
[INFO]    [ALGORITHM]: At (1,-4) searching for new spot to clean
[INFO]    [ALGORITHM]: At (2,-4) searching for new spot to clean
[INFO]    [ALGORITHM]: At (3,-4) searching for new spot to clean
[INFO]    [ALGORITHM]: At (4,-4) searching for new spot to clean
[INFO]    [ALGORITHM]: At (4,-5) searching for new spot to clean
[INFO]    [ALGORITHM]: At (5,-5) searching for new spot to clean
[INFO]    [ALGORITHM]: At (5,-4) searching for new spot to clean
[INFO]    [ALGORITHM]: At (6,-4) searching for new spot to clean
[INFO]    [ALGORITHM]: At (6,-2) searching for new spot to clean
[INFO]    [ALGORITHM]: At (5,-2) searching for new spot to clean
[INFO]    [ALGORITHM]: At (4,-2) searching for new spot to clean
[INFO]    [ALGORITHM]: At (3,-2) searching for new spot to clean
[INFO]    [ALGORITHM]: At (2,-2) searching for new spot to clean
[INFO]    [ALGORITHM]: At (1,-2) searching for new spot to clean
[INFO]    [ALGORITHM]: At (0,-2) searching for new spot to clean
[INFO]    [ALGORITHM]: At (1,-1) searching for new spot to clean
[INFO]    [ALGORITHM]: At (2,-1) searching for new spot to clean
[INFO]    [ALGORITHM]: At (3,-1) searching for new spot to clean
[INFO]    [ALGORITHM]: At (4,-1) searching for new spot to clean
[INFO]    [ALGORITHM]: Check if we can clean spot: (5,-1) with respect to the conditions of the program
[INFO]    [ALGORITHM]: Decided to clean 5,-1
[INFO]    [ALGORITHM]: Check if we can clean spot: (5,-1) with respect to the conditions of the program
[INFO]    [ALGORITHM]: Decided to clean 5,-1
[INFO]    [ALGORITHM]: Check if we can clean spot: (5,-1) with respect to the conditions of the program
[INFO]    [ALGORITHM]: Decided to clean 5,-1
[INFO]    [ALGORITHM]: Check if we can clean spot: (5,-1) with respect to the conditions of the program
[INFO]    [ALGORITHM]: Decided to clean 5,-1
[INFO]    [ALGORITHM]: Check if we can clean spot: (5,-1) with respect to the conditions of the program
[INFO]    [ALGORITHM]: Cleaning spot conditions does not satisfied therfore returning to dock from: (5,-1)
[INFO]    [ALGORITHM]: At the dock, searching new spot to clean before deciding to charge
[INFO]    [ALGORITHM]: There is still nodes to handle, start charging (to full battery)
[INFO]    [ALGORITHM]: At (1,0) searching for new spot to clean
[INFO]    [ALGORITHM]: At (2,0) searching for new spot to clean
[INFO]    [ALGORITHM]: At (3,0) searching for new spot to clean
[INFO]    [ALGORITHM]: At (4,0) searching for new spot to clean
[INFO]    [ALGORITHM]: At (5,0) searching for new spot to clean
[INFO]    [ALGORITHM]: Check if we can clean spot: (5,-1) with respect to the conditions of the program
[INFO]    [ALGORITHM]: Decided to clean 5,-1
[INFO]    [ALGORITHM]: At (5,-1) searching for new spot to clean
[INFO]    [ALGORITHM]: Check if we can clean spot: (6,0) with respect to the conditions of the program
[INFO]    [ALGORITHM]: Decided to clean 6,0
[INFO]    [ALGORITHM]: Check if we can clean spot: (6,0) with respect to the conditions of the program
[INFO]    [ALGORITHM]: Decided to clean 6,0
[INFO]    [ALGORITHM]: Check if we can clean spot: (6,0) with respect to the conditions of the program
[INFO]    [ALGORITHM]: Decided to clean 6,0
[INFO]    [ALGORITHM]: Check if we can clean spot: (6,0) with respect to the conditions of the program
[INFO]    [ALGORITHM]: Decided to clean 6,0
[INFO]    [ALGORITHM]: Check if we can clean spot: (6,0) with respect to the conditions of the program
[INFO]    [ALGORITHM]: Decided to clean 6,0
[INFO]    [ALGORITHM]: Check if we can clean spot: (6,0) with respect to the conditions of the program
[INFO]    [ALGORITHM]: Decided to clean 6,0
[INFO]    [ALGORITHM]: Check if we can clean spot: (6,0) with respect to the conditions of the program
[INFO]    [ALGORITHM]: Decided to clean 6,0
[INFO]    [ALGORITHM]: At (6,0) searching for new spot to clean
[INFO]    [ALGORITHM]: At (7,0) searching for new spot to clean
[INFO]    [ALGORITHM]: Check if we can clean spot: (7,-1) with respect to the conditions of the program
[INFO]    [ALGORITHM]: Decided to clean 7,-1
[INFO]    [ALGORITHM]: Check if we can clean spot: (7,-1) with respect to the conditions of the program
[INFO]    [ALGORITHM]: Decided to clean 7,-1
[INFO]    [ALGORITHM]: Check if we can clean spot: (7,-1) with respect to the conditions of the program
[INFO]    [ALGORITHM]: Decided to clean 7,-1
[INFO]    [ALGORITHM]: Check if we can clean spot: (7,-1) with respect to the conditions of the program
[INFO]    [ALGORITHM]: Decided to clean 7,-1
[INFO]    [ALGORITHM]: At (7,-1) searching for new spot to clean
[INFO]    [ALGORITHM]: At (7,-2) searching for new spot to clean
[INFO]    [ALGORITHM]: At (8,-2) searching for new spot to clean
[INFO]    [ALGORITHM]: At (8,-1) searching for new spot to clean
[INFO]    [ALGORITHM]: At (8,0) searching for new spot to clean
[INFO]    [ALGORITHM]: At (8,1) searching for new spot to clean
[INFO]    [ALGORITHM]: At (7,1) searching for new spot to clean
[INFO]    [ALGORITHM]: At (6,1) searching for new spot to clean
[INFO]    [ALGORITHM]: At (5,1) searching for new spot to clean
[INFO]    [ALGORITHM]: At (4,1) searching for new spot to clean
[INFO]    [ALGORITHM]: At (3,1) searching for new spot to clean
[INFO]    [ALGORITHM]: At (2,1) searching for new spot to clean
[INFO]    [ALGORITHM]: At (2,2) searching for new spot to clean
[INFO]    [ALGORITHM]: At (1,2) searching for new spot to clean
[INFO]    [ALGORITHM]: At (0,2) searching for new spot to clean
[INFO]    [ALGORITHM]: At (-1,2) searching for new spot to clean
[INFO]    [ALGORITHM]: At (-2,2) searching for new spot to clean
[INFO]    [ALGORITHM]: At (-1,1) searching for new spot to clean
[INFO]    [ALGORITHM]: At (0,1) searching for new spot to clean
[INFO]    [ALGORITHM]: At (3,2) searching for new spot to clean
[INFO]    [ALGORITHM]: At (4,2) searching for new spot to clean
[INFO]    [ALGORITHM]: At (6,2) searching for new spot to clean
[INFO]    [ALGORITHM]: Returning to dock from: (6,2)
[INFO]    [ALGORITHM]: At the dock, searching new spot to clean before deciding to charge
[INFO]    [ALGORITHM]: Signaling to nextStep that remaining dirts are out of reach
